[2025-08-15T09:00:02.887Z] Starting scheduled auto fetch...
[2025-08-15T09:00:02.891Z] Fetching data from 2025-06-11 to 2025-08-14
[2025-08-15T09:00:03.509Z] Starting SimpleSub web scraping...
[2025-08-15T09:02:06.492Z] Successfully scraped water usage data for 65 days
[2025-08-15T09:02:06.691Z] Successfully fetched data for 65 days
[2025-08-15T09:02:19.770Z] Data stored in database successfully
[2025-08-15T09:02:19.791Z] Old data cleanup completed
[2025-08-15T09:02:19.792Z] Scheduled auto fetch completed successfully
[2025-08-15T09:02:19.793Z] Scheduled next auto fetch for 8/16/2025, 5:00:00 AM Eastern Time (1438 minutes from now)
[2025-08-15T11:14:37.537Z] Scheduled next auto fetch for 8/16/2025, 5:00:00 AM Eastern Time (1305 minutes from now)
[2025-08-15T11:45:35.748Z] Scheduled next auto fetch for 8/16/2025, 5:00:00 AM Eastern Time (1274 minutes from now)
[2025-08-15T12:06:03.082Z] Scheduled next auto fetch for 8/16/2025, 5:00:00 AM Eastern Time (1254 minutes from now)
[2025-08-15T12:06:18.110Z] Automated data fetch started
[2025-08-15T12:06:18.111Z] Fetching data from 2025-06-11 to 2025-08-14
[2025-08-15T12:06:18.523Z] Starting SimpleSub web scraping...
[2025-08-15T12:08:20.314Z] Successfully scraped water usage data for 65 days
[2025-08-15T12:08:20.314Z] Cleaned up CSV file: 06_11_2025-08_13_2025_483-489_BARNETT_usage.csv
[2025-08-15T12:08:20.315Z] Cleaned up CSV file: 06_11_2025-08_13_2025_532_BARNETT_usage.csv
[2025-08-15T12:08:20.315Z] Cleaned up CSV file: 06_11_2025-08_13_2025_CHAMPION_usage.csv
[2025-08-15T12:08:20.316Z] Cleaned up CSV file: 06_11_2025-08_13_2025_CUSHING_usage.csv
[2025-08-15T12:08:20.487Z] Successfully fetched data for 65 days
[2025-08-15T12:08:35.055Z] Data stored in database successfully
[2025-08-15T12:08:35.056Z] Old data cleanup completed
[2025-08-15T12:08:35.056Z] Automated data fetch completed successfully
