[2025-08-14T17:18:23.834Z] Scheduled next auto fetch for 8/15/2025, 5:00:00 AM Eastern Time (942 minutes from now)
[2025-08-14T17:21:29.573Z] Scheduled next auto fetch for 8/15/2025, 5:00:00 AM Eastern Time (939 minutes from now)
[2025-08-14T17:24:24.223Z] Scheduled next auto fetch for 8/15/2025, 5:00:00 AM Eastern Time (936 minutes from now)
[2025-08-14T17:27:07.055Z] Scheduled next auto fetch for 8/15/2025, 5:00:00 AM Eastern Time (933 minutes from now)
[2025-08-14T17:29:53.013Z] Scheduled next auto fetch for 8/15/2025, 5:00:00 AM Eastern Time (930 minutes from now)
[2025-08-14T17:31:02.685Z] Scheduled next auto fetch for 8/15/2025, 5:00:00 AM Eastern Time (929 minutes from now)
[2025-08-14T17:35:20.652Z] Scheduled next auto fetch for 8/15/2025, 5:00:00 AM Eastern Time (925 minutes from now)
[2025-08-14T17:37:25.906Z] Scheduled next auto fetch for 8/15/2025, 5:00:00 AM Eastern Time (923 minutes from now)
[2025-08-14T17:38:39.468Z] Scheduled next auto fetch for 8/15/2025, 5:00:00 AM Eastern Time (921 minutes from now)
[2025-08-14T17:40:52.992Z] Scheduled next auto fetch for 8/15/2025, 5:00:00 AM Eastern Time (919 minutes from now)
[2025-08-14T17:43:21.828Z] Scheduled next auto fetch for 8/15/2025, 5:00:00 AM Eastern Time (917 minutes from now)
[2025-08-14T17:52:18.905Z] Scheduled next auto fetch for 8/15/2025, 5:00:00 AM Eastern Time (908 minutes from now)
[2025-08-14T17:52:31.935Z] Automated data fetch started
[2025-08-14T17:52:31.935Z] Fetching data from 2025-06-09 to 2025-08-13
[2025-08-14T17:52:32.605Z] Starting SimpleSub web scraping...
[2025-08-14T17:54:34.767Z] Successfully scraped water usage data for 66 days
[2025-08-14T17:54:34.768Z] Cleaned up CSV file: 06_09_2025-08_12_2025_483-489_BARNETT_usage.csv
[2025-08-14T17:54:34.768Z] Cleaned up CSV file: 06_09_2025-08_12_2025_532_BARNETT_usage.csv
[2025-08-14T17:54:34.768Z] Cleaned up CSV file: 06_09_2025-08_12_2025_CHAMPION_usage.csv
[2025-08-14T17:54:34.769Z] Cleaned up CSV file: 06_09_2025-08_12_2025_CUSHING_usage.csv
[2025-08-14T17:54:34.948Z] Successfully fetched data for 66 days
[2025-08-14T17:54:48.883Z] Data stored in database successfully
[2025-08-14T17:54:48.897Z] Old data cleanup completed
[2025-08-14T17:54:48.898Z] Automated data fetch completed successfully
[2025-08-14T17:59:49.389Z] Scheduled next auto fetch for 8/15/2025, 5:00:00 AM Eastern Time (900 minutes from now)
[2025-08-14T18:01:24.637Z] Scheduled next auto fetch for 8/15/2025, 5:00:00 AM Eastern Time (899 minutes from now)
[2025-08-14T18:09:28.705Z] Scheduled next auto fetch for 8/15/2025, 5:00:00 AM Eastern Time (891 minutes from now)
[2025-08-14T18:10:56.976Z] Scheduled next auto fetch for 8/15/2025, 5:00:00 AM Eastern Time (889 minutes from now)
[2025-08-14T18:16:48.591Z] Scheduled next auto fetch for 8/15/2025, 5:00:00 AM Eastern Time (883 minutes from now)
[2025-08-14T18:20:18.988Z] Scheduled next auto fetch for 8/15/2025, 5:00:00 AM Eastern Time (880 minutes from now)
[2025-08-14T18:32:00.538Z] Scheduled next auto fetch for 8/15/2025, 5:00:00 AM Eastern Time (868 minutes from now)
[2025-08-14T18:32:22.837Z] Automated data fetch started
[2025-08-14T18:32:22.838Z] Fetching data from 2025-06-09 to 2025-08-13
[2025-08-14T18:32:23.171Z] Starting SimpleSub web scraping...
[2025-08-14T18:34:19.021Z] Successfully scraped water usage data for 66 days
[2025-08-14T18:34:19.220Z] Successfully fetched data for 66 days
[2025-08-14T18:34:32.410Z] Data stored in database successfully
[2025-08-14T18:34:32.426Z] Old data cleanup completed
[2025-08-14T18:34:32.427Z] Automated data fetch completed successfully
[2025-08-14T18:41:33.857Z] Scheduled next auto fetch for 8/15/2025, 5:00:00 AM Eastern Time (858 minutes from now)
[2025-08-14T18:41:58.780Z] Automated data fetch started
[2025-08-14T18:41:58.781Z] Fetching data from 2025-06-10 to 2025-08-13
[2025-08-14T18:41:59.109Z] Starting SimpleSub web scraping...
[2025-08-14T18:43:54.722Z] Successfully scraped water usage data for 65 days
[2025-08-14T18:43:54.885Z] Successfully fetched data for 65 days
[2025-08-14T18:44:07.265Z] Data stored in database successfully
[2025-08-14T18:44:07.267Z] Old data cleanup completed
[2025-08-14T18:44:07.269Z] Automated data fetch completed successfully
[2025-08-14T18:51:39.059Z] Scheduled next auto fetch for 8/15/2025, 5:00:00 AM Eastern Time (848 minutes from now)
[2025-08-14T19:01:13.526Z] Scheduled next auto fetch for 8/15/2025, 5:00:00 AM Eastern Time (839 minutes from now)
[2025-08-14T19:04:56.842Z] Scheduled next auto fetch for 8/15/2025, 5:00:00 AM Eastern Time (835 minutes from now)
[2025-08-14T19:07:10.060Z] Scheduled next auto fetch for 8/15/2025, 5:00:00 AM Eastern Time (833 minutes from now)
[2025-08-14T19:09:18.241Z] Automated data fetch started
[2025-08-14T19:09:18.241Z] Fetching data from 2025-06-10 to 2025-08-13
[2025-08-14T19:09:18.584Z] Starting SimpleSub web scraping...
[2025-08-14T19:11:12.314Z] Successfully scraped water usage data for 65 days
[2025-08-14T19:11:12.495Z] Successfully fetched data for 65 days
[2025-08-14T19:11:24.719Z] Data stored in database successfully
[2025-08-14T19:11:24.720Z] Old data cleanup completed
[2025-08-14T19:11:24.721Z] Automated data fetch completed successfully
[2025-08-14T19:22:14.994Z] Scheduled next auto fetch for 8/15/2025, 5:00:00 AM Eastern Time (818 minutes from now)
